2025-11-01 05:11:49.514: [INFO] VisibilityChanged: 0
2025-11-01 05:11:49.600: [INFO] RecordSyncInitDuration has_sync_been_enabled: 0 state: 0
2025-11-01 05:11:49.603: [INFO] RecordSyncInitDuration has_sync_been_enabled: 0 state: 0
2025-11-01 05:11:49.606: [INFO] RecordSyncInitDuration has_sync_been_enabled: 0 state: 0
2025-11-01 05:11:49.609: [INFO] RecordSyncInitDuration has_sync_been_enabled: 0 state: 0
2025-11-01 05:11:49.611: [INFO] RecordSyncInitDuration has_sync_been_enabled: 0 state: 0
2025-11-01 05:11:49.614: [INFO] RecordSyncInitDuration has_sync_been_enabled: 0 state: 0
2025-11-01 05:11:49.617: [INFO] RecordSyncInitDuration has_sync_been_enabled: 0 state: 0
2025-11-01 05:11:49.621: [INFO] RecordSyncInitDuration has_sync_been_enabled: 0 state: 0
2025-11-01 05:11:49.624: [INFO] RecordSyncInitDuration has_sync_been_enabled: 0 state: 0
2025-11-01 05:11:49.627: [INFO] RecordSyncInitDuration has_sync_been_enabled: 0 state: 0
2025-11-01 05:11:49.629: [INFO] RecordSyncInitDuration has_sync_been_enabled: 0 state: 0
2025-11-01 05:11:49.665: [INFO] BookmarkNodeAdded, ABU: 0
2025-11-01 05:11:49.665: [INFO] BookmarkNodeAdded, ABU: 0
2025-11-01 05:11:49.665: [INFO] BookmarkNodeAdded, ABU: 0
2025-11-01 05:11:49.665: [INFO] BookmarkModelLoaded, ids_reassigned: 0
2025-11-01 05:11:49.665: [INFO] OnDoneLoading sync enabled: 0
2025-11-01 05:11:49.762: [INFO] RecordSyncInitDuration has_sync_been_enabled: 0 state: 0
2025-11-01 05:11:50.336: [INFO] RecordSyncInitDuration has_sync_been_enabled: 0 state: 3
2025-11-01 05:11:50.354: [INFO] Primary account changed.
2025-11-01 05:11:50.354: [INFO] OnPrimaryAccountChanged PrimaryAccountChangeEvent::Type::kSet
2025-11-01 05:11:50.364: [INFO] RecordSyncInitDuration has_sync_been_enabled: 0 state: 3
2025-11-01 05:13:31.857: [INFO] BookmarkNodeAdded, ABU: 0
2025-11-01 05:13:31.858: [INFO] BookmarkNodeAdded, ABU: 0
2025-11-01 05:13:31.858: [INFO] BookmarkNodeAdded, ABU: 0
2025-11-01 05:13:31.859: [INFO] BookmarkNodeAdded, ABU: 0
2025-11-01 05:13:31.859: [INFO] BookmarkNodeAdded, ABU: 0
2025-11-01 05:13:31.859: [INFO] BookmarkNodeAdded, ABU: 0
2025-11-01 05:13:31.859: [INFO] BookmarkNodeAdded, ABU: 0
2025-11-01 05:13:31.860: [INFO] BookmarkNodeAdded, ABU: 0
2025-11-01 05:13:31.860: [INFO] BookmarkNodeAdded, ABU: 0
2025-11-01 05:13:31.860: [INFO] BookmarkNodeAdded, ABU: 0
2025-11-01 05:13:31.861: [INFO] BookmarkNodeAdded, ABU: 0
2025-11-01 05:13:31.862: [INFO] BookmarkNodeAdded, ABU: 0
2025-11-01 05:13:31.862: [INFO] BookmarkNodeAdded, ABU: 0
2025-11-01 05:13:31.863: [INFO] BookmarkNodeAdded, ABU: 0
2025-11-01 05:13:31.863: [INFO] BookmarkNodeAdded, ABU: 0
2025-11-01 05:13:31.863: [INFO] BookmarkNodeAdded, ABU: 0
2025-11-01 05:13:31.863: [INFO] BookmarkNodeAdded, ABU: 0
2025-11-01 05:13:31.864: [INFO] BookmarkNodeAdded, ABU: 0
2025-11-01 05:13:31.864: [INFO] BookmarkNodeAdded, ABU: 0
2025-11-01 05:13:31.865: [INFO] BookmarkNodeAdded, ABU: 0
2025-11-01 05:13:31.865: [INFO] BookmarkNodeAdded, ABU: 0
2025-11-01 05:13:31.866: [INFO] BookmarkNodeAdded, ABU: 0
2025-11-01 05:13:31.868: [INFO] BookmarkNodeAdded, ABU: 0
2025-11-01 05:13:31.869: [INFO] BookmarkNodeAdded, ABU: 0
2025-11-01 05:13:31.869: [INFO] BookmarkNodeAdded, ABU: 0
2025-11-01 05:13:31.869: [INFO] BookmarkNodeAdded, ABU: 0
2025-11-01 05:13:31.869: [INFO] BookmarkNodeAdded, ABU: 0
2025-11-01 05:13:31.869: [INFO] BookmarkNodeAdded, ABU: 0
2025-11-01 05:13:31.869: [INFO] BookmarkNodeAdded, ABU: 0
2025-11-01 05:13:31.869: [INFO] BookmarkNodeAdded, ABU: 0
2025-11-01 05:13:31.869: [INFO] BookmarkNodeAdded, ABU: 0
2025-11-01 05:13:31.870: [INFO] BookmarkNodeAdded, ABU: 0
2025-11-01 05:13:31.870: [INFO] BookmarkNodeAdded, ABU: 0
2025-11-01 05:13:31.870: [INFO] BookmarkNodeAdded, ABU: 0
2025-11-01 05:13:31.871: [INFO] BookmarkNodeAdded, ABU: 0
2025-11-01 05:13:31.871: [INFO] BookmarkNodeAdded, ABU: 0
2025-11-01 05:13:31.871: [INFO] BookmarkNodeAdded, ABU: 0
2025-11-01 05:13:31.871: [INFO] BookmarkNodeAdded, ABU: 0
2025-11-01 05:13:31.871: [INFO] BookmarkNodeAdded, ABU: 0
2025-11-01 05:13:31.871: [INFO] BookmarkNodeAdded, ABU: 0
2025-11-01 05:13:31.871: [INFO] BookmarkNodeAdded, ABU: 0
2025-11-01 05:13:31.871: [INFO] BookmarkNodeAdded, ABU: 0
2025-11-01 05:13:31.871: [INFO] BookmarkNodeAdded, ABU: 0
2025-11-01 05:13:31.871: [INFO] BookmarkNodeAdded, ABU: 0
2025-11-01 05:13:31.872: [INFO] BookmarkNodeAdded, ABU: 0
2025-11-01 05:13:31.872: [INFO] BookmarkNodeAdded, ABU: 0
2025-11-01 05:13:31.872: [INFO] BookmarkNodeAdded, ABU: 0
2025-11-01 05:13:31.872: [INFO] BookmarkNodeAdded, ABU: 0
2025-11-01 05:13:31.873: [INFO] BookmarkNodeAdded, ABU: 0
2025-11-01 05:13:31.873: [INFO] BookmarkNodeAdded, ABU: 0
2025-11-01 05:13:31.873: [INFO] BookmarkNodeAdded, ABU: 0
2025-11-01 05:13:31.873: [INFO] BookmarkNodeAdded, ABU: 0
2025-11-01 05:13:31.873: [INFO] BookmarkNodeAdded, ABU: 0
2025-11-01 05:13:31.873: [INFO] BookmarkNodeAdded, ABU: 0
2025-11-01 05:13:31.873: [INFO] BookmarkNodeAdded, ABU: 0
2025-11-01 05:13:31.874: [INFO] BookmarkNodeAdded, ABU: 0
2025-11-01 05:13:31.874: [INFO] BookmarkNodeAdded, ABU: 0
2025-11-01 05:13:31.874: [INFO] BookmarkNodeAdded, ABU: 0
2025-11-01 05:13:31.874: [INFO] BookmarkNodeAdded, ABU: 0
2025-11-01 05:13:31.874: [INFO] BookmarkNodeAdded, ABU: 0
2025-11-01 05:13:31.874: [INFO] BookmarkNodeAdded, ABU: 0
2025-11-01 05:13:31.874: [INFO] BookmarkNodeAdded, ABU: 0
2025-11-01 05:13:31.874: [INFO] BookmarkNodeAdded, ABU: 0
2025-11-01 05:13:31.874: [INFO] BookmarkNodeAdded, ABU: 0
2025-11-01 05:13:31.875: [INFO] BookmarkNodeAdded, ABU: 0
2025-11-01 05:13:31.875: [INFO] BookmarkNodeAdded, ABU: 0
2025-11-01 05:13:31.875: [INFO] BookmarkNodeAdded, ABU: 0
2025-11-01 05:13:31.875: [INFO] BookmarkNodeAdded, ABU: 0
2025-11-01 05:13:31.875: [INFO] BookmarkNodeAdded, ABU: 0
2025-11-01 05:13:31.875: [INFO] BookmarkNodeAdded, ABU: 0
2025-11-01 05:13:31.875: [INFO] BookmarkNodeAdded, ABU: 0
2025-11-01 05:13:31.876: [INFO] BookmarkNodeAdded, ABU: 0
2025-11-01 05:13:31.876: [INFO] BookmarkNodeAdded, ABU: 0
2025-11-01 05:13:31.876: [INFO] BookmarkNodeAdded, ABU: 0
2025-11-01 05:13:31.877: [INFO] BookmarkNodeAdded, ABU: 0
2025-11-01 05:13:31.877: [INFO] BookmarkNodeAdded, ABU: 0
2025-11-01 05:13:31.878: [INFO] BookmarkNodeAdded, ABU: 0
2025-11-01 05:13:31.878: [INFO] BookmarkNodeAdded, ABU: 0
2025-11-01 05:13:31.878: [INFO] BookmarkNodeAdded, ABU: 0
2025-11-01 05:13:31.878: [INFO] BookmarkNodeAdded, ABU: 0
2025-11-01 05:13:31.878: [INFO] BookmarkNodeAdded, ABU: 0
2025-11-01 05:13:31.878: [INFO] BookmarkNodeAdded, ABU: 0
2025-11-01 05:13:38.404: [INFO] Sync initialization duration: 107308ms
2025-11-01 05:28:54.770: [INFO] VisibilityChanged: 0
2025-11-01 05:28:54.901: [INFO] BookmarkNodeAdded, ABU: 0
2025-11-01 05:28:54.901: [INFO] BookmarkNodeAdded, ABU: 0
2025-11-01 05:28:54.902: [INFO] BookmarkNodeAdded, ABU: 0
2025-11-01 05:28:54.902: [INFO] BookmarkModelLoaded, ids_reassigned: 0
2025-11-01 05:28:54.902: [INFO] OnDoneLoading sync enabled: 1
2025-11-01 05:29:06.951: [INFO] Sync initialization duration: 2205ms
2025-11-01 06:03:16.016: [INFO] VisibilityChanged: 0
2025-11-01 06:03:16.220: [INFO] BookmarkNodeAdded, ABU: 0
2025-11-01 06:03:16.221: [INFO] BookmarkNodeAdded, ABU: 0
2025-11-01 06:03:16.221: [INFO] BookmarkNodeAdded, ABU: 0
2025-11-01 06:03:16.221: [INFO] BookmarkModelLoaded, ids_reassigned: 0
2025-11-01 06:03:16.221: [INFO] OnDoneLoading sync enabled: 1
2025-11-01 06:03:28.353: [INFO] Sync initialization duration: 2314ms
2025-11-01 06:05:36.584: [INFO] VisibilityChanged: 0
2025-11-01 06:05:36.699: [INFO] BookmarkNodeAdded, ABU: 0
2025-11-01 06:05:36.699: [INFO] BookmarkNodeAdded, ABU: 0
2025-11-01 06:05:36.699: [INFO] BookmarkNodeAdded, ABU: 0
2025-11-01 06:05:36.699: [INFO] BookmarkModelLoaded, ids_reassigned: 0
2025-11-01 06:05:36.699: [INFO] OnDoneLoading sync enabled: 1
2025-11-01 06:05:48.311: [INFO] Sync initialization duration: 1716ms
2025-11-03 04:15:02.082: [INFO] VisibilityChanged: 0
2025-11-03 04:15:02.178: [INFO] BookmarkNodeAdded, ABU: 0
2025-11-03 04:15:02.178: [INFO] BookmarkNodeAdded, ABU: 0
2025-11-03 04:15:02.179: [INFO] BookmarkNodeAdded, ABU: 0
2025-11-03 04:15:02.179: [INFO] BookmarkModelLoaded, ids_reassigned: 0
2025-11-03 04:15:02.179: [INFO] OnDoneLoading sync enabled: 1
2025-11-03 04:15:16.676: [INFO] Sync initialization duration: 4547ms
2025-11-03 06:04:26.928: [INFO] VisibilityChanged: 0
2025-11-03 06:04:27.265: [INFO] BookmarkNodeAdded, ABU: 0
2025-11-03 06:04:27.265: [INFO] BookmarkNodeAdded, ABU: 0
2025-11-03 06:04:27.266: [INFO] BookmarkNodeAdded, ABU: 0
2025-11-03 06:04:27.266: [INFO] BookmarkModelLoaded, ids_reassigned: 0
2025-11-03 06:04:27.266: [INFO] OnDoneLoading sync enabled: 1
2025-11-03 06:04:39.042: [INFO] Sync initialization duration: 2112ms
2025-11-03 06:43:46.245: [INFO] VisibilityChanged: 0
2025-11-03 06:43:46.430: [INFO] BookmarkNodeAdded, ABU: 0
2025-11-03 06:43:46.431: [INFO] BookmarkNodeAdded, ABU: 0
2025-11-03 06:43:46.431: [INFO] BookmarkNodeAdded, ABU: 0
2025-11-03 06:43:46.431: [INFO] BookmarkModelLoaded, ids_reassigned: 0
2025-11-03 06:43:46.431: [INFO] OnDoneLoading sync enabled: 1
2025-11-03 06:43:51.216: [INFO] Sync initialization duration: 2744ms
2025-11-03 06:58:34.925: [INFO] VisibilityChanged: 0
2025-11-03 06:58:35.116: [INFO] BookmarkNodeAdded, ABU: 0
2025-11-03 06:58:35.117: [INFO] BookmarkNodeAdded, ABU: 0
2025-11-03 06:58:35.117: [INFO] BookmarkNodeAdded, ABU: 0
2025-11-03 06:58:35.117: [INFO] BookmarkModelLoaded, ids_reassigned: 0
2025-11-03 06:58:35.117: [INFO] OnDoneLoading sync enabled: 1
2025-11-03 06:58:39.671: [INFO] Sync initialization duration: 2205ms
2025-11-03 07:27:21.427: [INFO] VisibilityChanged: 0
2025-11-03 07:27:21.525: [INFO] BookmarkNodeAdded, ABU: 0
2025-11-03 07:27:21.526: [INFO] BookmarkNodeAdded, ABU: 0
2025-11-03 07:27:21.526: [INFO] BookmarkNodeAdded, ABU: 0
2025-11-03 07:27:21.526: [INFO] BookmarkModelLoaded, ids_reassigned: 0
2025-11-03 07:27:21.526: [INFO] OnDoneLoading sync enabled: 1
2025-11-03 07:27:24.876: [INFO] Sync initialization duration: 2196ms
2025-11-03 07:42:29.358: [INFO] VisibilityChanged: 0
2025-11-03 07:42:29.544: [INFO] BookmarkNodeAdded, ABU: 0
2025-11-03 07:42:29.545: [INFO] BookmarkNodeAdded, ABU: 0
2025-11-03 07:42:29.545: [INFO] BookmarkNodeAdded, ABU: 0
2025-11-03 07:42:29.545: [INFO] BookmarkModelLoaded, ids_reassigned: 0
2025-11-03 07:42:29.545: [INFO] OnDoneLoading sync enabled: 1
2025-11-03 07:42:34.706: [INFO] Sync initialization duration: 2777ms
2025-11-03 08:13:39.557: [INFO] VisibilityChanged: 0
2025-11-03 08:13:39.783: [INFO] BookmarkNodeAdded, ABU: 0
2025-11-03 08:13:39.784: [INFO] BookmarkNodeAdded, ABU: 0
2025-11-03 08:13:39.784: [INFO] BookmarkNodeAdded, ABU: 0
2025-11-03 08:13:39.784: [INFO] BookmarkModelLoaded, ids_reassigned: 0
2025-11-03 08:13:39.784: [INFO] OnDoneLoading sync enabled: 1
2025-11-03 08:14:00.462: [INFO] Sync initialization duration: 11437ms
2025-11-03 08:24:05.782: [INFO] VisibilityChanged: 0
2025-11-03 08:24:06.001: [INFO] BookmarkNodeAdded, ABU: 0
2025-11-03 08:24:06.001: [INFO] BookmarkNodeAdded, ABU: 0
2025-11-03 08:24:06.002: [INFO] BookmarkNodeAdded, ABU: 0
2025-11-03 08:24:06.002: [INFO] BookmarkModelLoaded, ids_reassigned: 0
2025-11-03 08:24:06.002: [INFO] OnDoneLoading sync enabled: 1
2025-11-03 08:24:12.414: [INFO] Sync initialization duration: 4191ms
2025-11-03 08:47:03.900: [INFO] VisibilityChanged: 0
2025-11-03 08:47:04.033: [INFO] BookmarkNodeAdded, ABU: 0
2025-11-03 08:47:04.033: [INFO] BookmarkNodeAdded, ABU: 0
2025-11-03 08:47:04.034: [INFO] BookmarkNodeAdded, ABU: 0
2025-11-03 08:47:04.034: [INFO] BookmarkModelLoaded, ids_reassigned: 0
2025-11-03 08:47:04.034: [INFO] OnDoneLoading sync enabled: 1
2025-11-03 08:47:07.702: [INFO] Sync initialization duration: 2275ms
2025-11-03 09:03:12.355: [INFO] VisibilityChanged: 0
2025-11-03 09:03:12.536: [INFO] BookmarkNodeAdded, ABU: 0
2025-11-03 09:03:12.536: [INFO] BookmarkNodeAdded, ABU: 0
2025-11-03 09:03:12.537: [INFO] BookmarkNodeAdded, ABU: 0
2025-11-03 09:03:12.537: [INFO] BookmarkModelLoaded, ids_reassigned: 0
2025-11-03 09:03:12.537: [INFO] OnDoneLoading sync enabled: 1
2025-11-03 09:03:17.343: [INFO] Sync initialization duration: 3021ms
2025-11-03 09:15:59.560: [INFO] VisibilityChanged: 0
2025-11-03 09:15:59.762: [INFO] BookmarkNodeAdded, ABU: 0
2025-11-03 09:15:59.763: [INFO] BookmarkNodeAdded, ABU: 0
2025-11-03 09:15:59.764: [INFO] BookmarkNodeAdded, ABU: 0
2025-11-03 09:15:59.764: [INFO] BookmarkModelLoaded, ids_reassigned: 0
2025-11-03 09:15:59.764: [INFO] OnDoneLoading sync enabled: 1
2025-11-03 09:16:04.763: [INFO] Sync initialization duration: 3040ms
2025-11-03 09:16:28.977: [INFO] VisibilityChanged: 1
2025-11-03 09:16:35.732: [INFO] VisibilityChanged: 0
2025-11-03 09:17:27.944: [INFO] VisibilityChanged: 1
2025-11-03 09:17:34.761: [INFO] VisibilityChanged: 0
2025-11-03 09:51:47.106: [INFO] VisibilityChanged: 0
2025-11-03 09:51:47.241: [INFO] BookmarkNodeAdded, ABU: 0
2025-11-03 09:51:47.242: [INFO] BookmarkNodeAdded, ABU: 0
2025-11-03 09:51:47.242: [INFO] BookmarkNodeAdded, ABU: 0
2025-11-03 09:51:47.242: [INFO] BookmarkModelLoaded, ids_reassigned: 0
2025-11-03 09:51:47.242: [INFO] OnDoneLoading sync enabled: 1
2025-11-03 09:51:51.577: [INFO] Sync initialization duration: 3095ms
2025-11-03 10:03:10.342: [INFO] VisibilityChanged: 0
2025-11-03 10:03:10.595: [INFO] BookmarkNodeAdded, ABU: 0
2025-11-03 10:03:10.596: [INFO] BookmarkNodeAdded, ABU: 0
2025-11-03 10:03:10.596: [INFO] BookmarkNodeAdded, ABU: 0
2025-11-03 10:03:10.596: [INFO] BookmarkModelLoaded, ids_reassigned: 0
2025-11-03 10:03:10.596: [INFO] OnDoneLoading sync enabled: 1
2025-11-03 10:03:35.904: [INFO] Sync initialization duration: 19423ms
2025-11-03 10:13:00.094: [INFO] VisibilityChanged: 0
2025-11-03 10:13:00.215: [INFO] BookmarkNodeAdded, ABU: 0
2025-11-03 10:13:00.215: [INFO] BookmarkNodeAdded, ABU: 0
2025-11-03 10:13:00.215: [INFO] BookmarkNodeAdded, ABU: 0
2025-11-03 10:13:00.215: [INFO] BookmarkModelLoaded, ids_reassigned: 0
2025-11-03 10:13:00.215: [INFO] OnDoneLoading sync enabled: 1
2025-11-03 10:13:08.356: [INFO] Sync initialization duration: 6202ms
2025-11-03 10:32:24.165: [INFO] VisibilityChanged: 0
2025-11-03 10:32:24.324: [INFO] BookmarkNodeAdded, ABU: 0
2025-11-03 10:32:24.325: [INFO] BookmarkNodeAdded, ABU: 0
2025-11-03 10:32:24.325: [INFO] BookmarkNodeAdded, ABU: 0
2025-11-03 10:32:24.325: [INFO] BookmarkModelLoaded, ids_reassigned: 0
2025-11-03 10:32:24.325: [INFO] OnDoneLoading sync enabled: 1
2025-11-03 10:50:25.690: [INFO] VisibilityChanged: 0
2025-11-03 10:50:25.801: [INFO] BookmarkNodeAdded, ABU: 0
2025-11-03 10:50:25.802: [INFO] BookmarkNodeAdded, ABU: 0
2025-11-03 10:50:25.802: [INFO] BookmarkNodeAdded, ABU: 0
2025-11-03 10:50:25.802: [INFO] BookmarkModelLoaded, ids_reassigned: 0
2025-11-03 10:50:25.802: [INFO] OnDoneLoading sync enabled: 1
2025-11-03 10:50:51.490: [INFO] Sync initialization duration: 13326ms
2025-11-03 11:17:36.016: [INFO] VisibilityChanged: 0
2025-11-03 11:17:36.225: [INFO] BookmarkNodeAdded, ABU: 0
2025-11-03 11:17:36.225: [INFO] BookmarkNodeAdded, ABU: 0
2025-11-03 11:17:36.226: [INFO] BookmarkNodeAdded, ABU: 0
2025-11-03 11:17:36.226: [INFO] BookmarkModelLoaded, ids_reassigned: 0
2025-11-03 11:17:36.226: [INFO] OnDoneLoading sync enabled: 1
2025-11-03 11:17:42.497: [INFO] Sync initialization duration: 4125ms
2025-11-03 11:26:32.066: [INFO] VisibilityChanged: 0
2025-11-03 11:26:32.253: [INFO] BookmarkNodeAdded, ABU: 0
2025-11-03 11:26:32.254: [INFO] BookmarkNodeAdded, ABU: 0
2025-11-03 11:26:32.255: [INFO] BookmarkNodeAdded, ABU: 0
2025-11-03 11:26:32.255: [INFO] BookmarkModelLoaded, ids_reassigned: 0
2025-11-03 11:26:32.255: [INFO] OnDoneLoading sync enabled: 1
2025-11-03 11:26:48.940: [INFO] Sync initialization duration: 14895ms
2025-11-03 12:13:08.095: [INFO] VisibilityChanged: 0
2025-11-03 12:13:08.349: [INFO] BookmarkNodeAdded, ABU: 0
2025-11-03 12:13:08.350: [INFO] BookmarkNodeAdded, ABU: 0
2025-11-03 12:13:08.350: [INFO] BookmarkNodeAdded, ABU: 0
2025-11-03 12:13:08.350: [INFO] BookmarkModelLoaded, ids_reassigned: 0
2025-11-03 12:13:08.350: [INFO] OnDoneLoading sync enabled: 1
2025-11-03 12:13:21.034: [INFO] Sync initialization duration: 8018ms
2025-11-03 12:35:07.866: [INFO] VisibilityChanged: 0
2025-11-03 12:35:08.039: [INFO] BookmarkNodeAdded, ABU: 0
2025-11-03 12:35:08.040: [INFO] BookmarkNodeAdded, ABU: 0
2025-11-03 12:35:08.041: [INFO] BookmarkNodeAdded, ABU: 0
2025-11-03 12:35:08.041: [INFO] BookmarkModelLoaded, ids_reassigned: 0
2025-11-03 12:35:08.041: [INFO] OnDoneLoading sync enabled: 1
2025-11-03 12:35:15.950: [INFO] Sync initialization duration: 5604ms
2025-11-03 13:06:25.550: [INFO] VisibilityChanged: 0
2025-11-03 13:06:25.678: [INFO] BookmarkNodeAdded, ABU: 0
2025-11-03 13:06:25.678: [INFO] BookmarkNodeAdded, ABU: 0
2025-11-03 13:06:25.678: [INFO] BookmarkNodeAdded, ABU: 0
2025-11-03 13:06:25.678: [INFO] BookmarkModelLoaded, ids_reassigned: 0
2025-11-03 13:06:25.678: [INFO] OnDoneLoading sync enabled: 1
2025-11-03 13:06:36.151: [INFO] Sync initialization duration: 8666ms
2025-11-03 13:11:03.520: [INFO] VisibilityChanged: 0
2025-11-03 13:11:03.687: [INFO] BookmarkNodeAdded, ABU: 0
2025-11-03 13:11:03.687: [INFO] BookmarkNodeAdded, ABU: 0
2025-11-03 13:11:03.688: [INFO] BookmarkNodeAdded, ABU: 0
2025-11-03 13:11:03.688: [INFO] BookmarkModelLoaded, ids_reassigned: 0
2025-11-03 13:11:03.688: [INFO] OnDoneLoading sync enabled: 1
2025-11-03 13:11:12.321: [INFO] Sync initialization duration: 6750ms
2025-11-03 13:13:51.069: [INFO] VisibilityChanged: 0
2025-11-03 13:13:51.170: [INFO] BookmarkNodeAdded, ABU: 0
2025-11-03 13:13:51.171: [INFO] BookmarkNodeAdded, ABU: 0
2025-11-03 13:13:51.171: [INFO] BookmarkNodeAdded, ABU: 0
2025-11-03 13:13:51.171: [INFO] BookmarkModelLoaded, ids_reassigned: 0
2025-11-03 13:13:51.171: [INFO] OnDoneLoading sync enabled: 1
2025-11-03 13:13:58.710: [INFO] Sync initialization duration: 3084ms
2025-11-03 13:17:22.895: [INFO] VisibilityChanged: 0
2025-11-03 13:17:23.133: [INFO] BookmarkNodeAdded, ABU: 0
2025-11-03 13:17:23.133: [INFO] BookmarkNodeAdded, ABU: 0
2025-11-03 13:17:23.134: [INFO] BookmarkNodeAdded, ABU: 0
2025-11-03 13:17:23.134: [INFO] BookmarkModelLoaded, ids_reassigned: 0
2025-11-03 13:17:23.134: [INFO] OnDoneLoading sync enabled: 1
2025-11-03 13:17:37.203: [INFO] Sync initialization duration: 9614ms
2025-11-03 13:19:16.324: [INFO] VisibilityChanged: 0
2025-11-03 13:19:16.505: [INFO] BookmarkNodeAdded, ABU: 0
2025-11-03 13:19:16.506: [INFO] BookmarkNodeAdded, ABU: 0
2025-11-03 13:19:16.506: [INFO] BookmarkNodeAdded, ABU: 0
2025-11-03 13:19:16.506: [INFO] BookmarkModelLoaded, ids_reassigned: 0
2025-11-03 13:19:16.506: [INFO] OnDoneLoading sync enabled: 1
2025-11-03 13:19:22.047: [INFO] Sync initialization duration: 3019ms
2025-11-03 13:26:50.847: [INFO] VisibilityChanged: 0
2025-11-03 13:26:51.028: [INFO] BookmarkNodeAdded, ABU: 0
2025-11-03 13:26:51.029: [INFO] BookmarkNodeAdded, ABU: 0
2025-11-03 13:26:51.029: [INFO] BookmarkNodeAdded, ABU: 0
2025-11-03 13:26:51.029: [INFO] BookmarkModelLoaded, ids_reassigned: 0
2025-11-03 13:26:51.029: [INFO] OnDoneLoading sync enabled: 1
2025-11-03 13:26:58.447: [INFO] Sync initialization duration: 4128ms
2025-11-03 13:29:38.418: [INFO] VisibilityChanged: 0
2025-11-03 13:29:38.645: [INFO] BookmarkNodeAdded, ABU: 0
2025-11-03 13:29:38.645: [INFO] BookmarkNodeAdded, ABU: 0
2025-11-03 13:29:38.645: [INFO] BookmarkNodeAdded, ABU: 0
2025-11-03 13:29:38.645: [INFO] BookmarkModelLoaded, ids_reassigned: 0
2025-11-03 13:29:38.646: [INFO] OnDoneLoading sync enabled: 1
2025-11-03 13:29:45.213: [INFO] Sync initialization duration: 4674ms
2025-11-03 13:33:08.291: [INFO] VisibilityChanged: 0
2025-11-03 13:33:08.453: [INFO] BookmarkNodeAdded, ABU: 0
2025-11-03 13:33:08.454: [INFO] BookmarkNodeAdded, ABU: 0
2025-11-03 13:33:08.454: [INFO] BookmarkNodeAdded, ABU: 0
2025-11-03 13:33:08.454: [INFO] BookmarkModelLoaded, ids_reassigned: 0
2025-11-03 13:33:08.454: [INFO] OnDoneLoading sync enabled: 1
2025-11-03 13:33:16.565: [INFO] Sync initialization duration: 6871ms
2025-11-03 13:36:03.484: [INFO] VisibilityChanged: 0
2025-11-03 13:36:03.640: [INFO] BookmarkNodeAdded, ABU: 0
2025-11-03 13:36:03.640: [INFO] BookmarkNodeAdded, ABU: 0
2025-11-03 13:36:03.641: [INFO] BookmarkNodeAdded, ABU: 0
2025-11-03 13:36:03.641: [INFO] BookmarkModelLoaded, ids_reassigned: 0
2025-11-03 13:36:03.641: [INFO] OnDoneLoading sync enabled: 1
2025-11-03 13:36:21.664: [INFO] Sync initialization duration: 16281ms
2025-11-03 13:39:21.664: [INFO] VisibilityChanged: 0
2025-11-03 13:39:21.850: [INFO] BookmarkNodeAdded, ABU: 0
2025-11-03 13:39:21.851: [INFO] BookmarkNodeAdded, ABU: 0
2025-11-03 13:39:21.851: [INFO] BookmarkNodeAdded, ABU: 0
2025-11-03 13:39:21.851: [INFO] BookmarkModelLoaded, ids_reassigned: 0
2025-11-03 13:39:21.851: [INFO] OnDoneLoading sync enabled: 1
2025-11-03 13:39:40.442: [INFO] Sync initialization duration: 16552ms
2025-11-06 06:54:24.525: [INFO] VisibilityChanged: 0
2025-11-06 06:54:24.639: [INFO] BookmarkNodeAdded, ABU: 0
2025-11-06 06:54:24.639: [INFO] BookmarkNodeAdded, ABU: 0
2025-11-06 06:54:24.639: [INFO] BookmarkNodeAdded, ABU: 0
2025-11-06 06:54:24.640: [INFO] BookmarkModelLoaded, ids_reassigned: 0
2025-11-06 06:54:24.640: [INFO] OnDoneLoading sync enabled: 1
2025-11-07 11:40:10.920: [INFO] VisibilityChanged: 0
2025-11-07 11:40:11.052: [INFO] BookmarkNodeAdded, ABU: 0
2025-11-07 11:40:11.052: [INFO] BookmarkNodeAdded, ABU: 0
2025-11-07 11:40:11.053: [INFO] BookmarkNodeAdded, ABU: 0
2025-11-07 11:40:11.053: [INFO] BookmarkModelLoaded, ids_reassigned: 0
2025-11-07 11:40:11.053: [INFO] OnDoneLoading sync enabled: 1
2025-11-07 11:40:37.595: [INFO] Sync initialization duration: 22352ms
2025-11-07 11:40:43.318: [INFO] BookmarkNodeAdded, ABU: 0
2025-11-07 11:40:43.319: [INFO] BookmarkNodeAdded, ABU: 0
2025-11-08 03:35:57.293: [INFO] VisibilityChanged: 0
2025-11-08 03:35:57.381: [INFO] BookmarkNodeAdded, ABU: 0
2025-11-08 03:35:57.382: [INFO] BookmarkNodeAdded, ABU: 0
2025-11-08 03:35:57.382: [INFO] BookmarkNodeAdded, ABU: 0
2025-11-08 03:35:57.382: [INFO] BookmarkModelLoaded, ids_reassigned: 0
2025-11-08 03:35:57.382: [INFO] OnDoneLoading sync enabled: 1
2025-11-08 03:36:02.638: [INFO] Sync initialization duration: 3526ms
2025-11-08 03:43:16.381: [INFO] VisibilityChanged: 0
2025-11-08 03:43:16.488: [INFO] BookmarkNodeAdded, ABU: 0
2025-11-08 03:43:16.488: [INFO] BookmarkNodeAdded, ABU: 0
2025-11-08 03:43:16.489: [INFO] BookmarkNodeAdded, ABU: 0
2025-11-08 03:43:16.489: [INFO] BookmarkModelLoaded, ids_reassigned: 0
2025-11-08 03:43:16.489: [INFO] OnDoneLoading sync enabled: 1
2025-11-08 03:43:20.408: [INFO] Sync initialization duration: 2124ms
2025-11-08 09:50:14.800: [INFO] VisibilityChanged: 0
2025-11-08 09:50:14.982: [INFO] BookmarkNodeAdded, ABU: 0
2025-11-08 09:50:14.982: [INFO] BookmarkNodeAdded, ABU: 0
2025-11-08 09:50:14.982: [INFO] BookmarkNodeAdded, ABU: 0
2025-11-08 09:50:14.982: [INFO] BookmarkModelLoaded, ids_reassigned: 0
2025-11-08 09:50:14.982: [INFO] OnDoneLoading sync enabled: 1
2025-11-08 09:50:18.758: [INFO] Sync initialization duration: 2326ms
2025-11-08 10:05:04.939: [INFO] VisibilityChanged: 0
2025-11-08 10:05:05.065: [INFO] BookmarkNodeAdded, ABU: 0
2025-11-08 10:05:05.066: [INFO] BookmarkNodeAdded, ABU: 0
2025-11-08 10:05:05.066: [INFO] BookmarkNodeAdded, ABU: 0
2025-11-08 10:05:05.066: [INFO] BookmarkModelLoaded, ids_reassigned: 0
2025-11-08 10:05:05.066: [INFO] OnDoneLoading sync enabled: 1
2025-11-08 10:26:30.561: [INFO] VisibilityChanged: 0
2025-11-08 10:26:30.684: [INFO] BookmarkNodeAdded, ABU: 0
2025-11-08 10:26:30.684: [INFO] BookmarkNodeAdded, ABU: 0
2025-11-08 10:26:30.685: [INFO] BookmarkNodeAdded, ABU: 0
2025-11-08 10:26:30.685: [INFO] BookmarkModelLoaded, ids_reassigned: 0
2025-11-08 10:26:30.685: [INFO] OnDoneLoading sync enabled: 1
2025-11-08 10:26:41.137: [INFO] Sync initialization duration: 8985ms
2025-11-08 10:31:04.929: [INFO] VisibilityChanged: 0
2025-11-08 10:31:05.055: [INFO] BookmarkNodeAdded, ABU: 0
2025-11-08 10:31:05.055: [INFO] BookmarkNodeAdded, ABU: 0
2025-11-08 10:31:05.055: [INFO] BookmarkNodeAdded, ABU: 0
2025-11-08 10:31:05.055: [INFO] BookmarkModelLoaded, ids_reassigned: 0
2025-11-08 10:31:05.055: [INFO] OnDoneLoading sync enabled: 1
2025-11-08 10:31:15.020: [INFO] Sync initialization duration: 8609ms
2025-11-08 11:31:29.085: [INFO] VisibilityChanged: 0
2025-11-08 11:31:29.205: [INFO] BookmarkNodeAdded, ABU: 0
2025-11-08 11:31:29.205: [INFO] BookmarkNodeAdded, ABU: 0
2025-11-08 11:31:29.205: [INFO] BookmarkNodeAdded, ABU: 0
2025-11-08 11:31:29.205: [INFO] BookmarkModelLoaded, ids_reassigned: 0
2025-11-08 11:31:29.205: [INFO] OnDoneLoading sync enabled: 1
2025-11-08 11:31:35.677: [INFO] Sync initialization duration: 4793ms
2025-11-08 12:15:18.376: [INFO] VisibilityChanged: 0
2025-11-08 12:15:18.604: [INFO] BookmarkNodeAdded, ABU: 0
2025-11-08 12:15:18.604: [INFO] BookmarkNodeAdded, ABU: 0
2025-11-08 12:15:18.605: [INFO] BookmarkNodeAdded, ABU: 0
2025-11-08 12:15:18.605: [INFO] BookmarkModelLoaded, ids_reassigned: 0
2025-11-08 12:15:18.605: [INFO] OnDoneLoading sync enabled: 1
2025-11-08 12:15:36.435: [INFO] Sync initialization duration: 13544ms
2025-11-08 12:25:41.099: [INFO] VisibilityChanged: 0
2025-11-08 12:25:41.248: [INFO] BookmarkNodeAdded, ABU: 0
2025-11-08 12:25:41.248: [INFO] BookmarkNodeAdded, ABU: 0
2025-11-08 12:25:41.249: [INFO] BookmarkNodeAdded, ABU: 0
2025-11-08 12:25:41.249: [INFO] BookmarkModelLoaded, ids_reassigned: 0
2025-11-08 12:25:41.249: [INFO] OnDoneLoading sync enabled: 1
2025-11-08 12:25:57.049: [INFO] Sync initialization duration: 10756ms
2025-11-08 12:30:27.005: [INFO] VisibilityChanged: 0
2025-11-08 12:30:27.124: [INFO] BookmarkNodeAdded, ABU: 0
2025-11-08 12:30:27.125: [INFO] BookmarkNodeAdded, ABU: 0
2025-11-08 12:30:27.125: [INFO] BookmarkNodeAdded, ABU: 0
2025-11-08 12:30:27.125: [INFO] BookmarkModelLoaded, ids_reassigned: 0
2025-11-08 12:30:27.125: [INFO] OnDoneLoading sync enabled: 1
2025-11-08 12:30:38.934: [INFO] Sync initialization duration: 10060ms
2025-11-08 12:37:24.370: [INFO] VisibilityChanged: 0
2025-11-08 12:37:24.483: [INFO] BookmarkNodeAdded, ABU: 0
2025-11-08 12:37:24.483: [INFO] BookmarkNodeAdded, ABU: 0
2025-11-08 12:37:24.484: [INFO] BookmarkNodeAdded, ABU: 0
2025-11-08 12:37:24.484: [INFO] BookmarkModelLoaded, ids_reassigned: 0
2025-11-08 12:37:24.484: [INFO] OnDoneLoading sync enabled: 1
2025-11-08 12:37:45.329: [INFO] Sync initialization duration: 19034ms
2025-11-08 12:55:58.200: [INFO] VisibilityChanged: 0
2025-11-08 12:55:58.356: [INFO] BookmarkNodeAdded, ABU: 0
2025-11-08 12:55:58.356: [INFO] BookmarkNodeAdded, ABU: 0
2025-11-08 12:55:58.357: [INFO] BookmarkNodeAdded, ABU: 0
2025-11-08 12:55:58.357: [INFO] BookmarkModelLoaded, ids_reassigned: 0
2025-11-08 12:55:58.357: [INFO] OnDoneLoading sync enabled: 1
2025-11-08 12:56:16.293: [INFO] Sync initialization duration: 15192ms
2025-11-08 13:25:16.331: [INFO] VisibilityChanged: 0
2025-11-08 13:25:16.503: [INFO] BookmarkNodeAdded, ABU: 0
2025-11-08 13:25:16.504: [INFO] BookmarkNodeAdded, ABU: 0
2025-11-08 13:25:16.504: [INFO] BookmarkNodeAdded, ABU: 0
2025-11-08 13:25:16.504: [INFO] BookmarkModelLoaded, ids_reassigned: 0
2025-11-08 13:25:16.504: [INFO] OnDoneLoading sync enabled: 1
2025-11-08 13:25:37.420: [INFO] Sync initialization duration: 10577ms
2025-11-08 14:09:13.527: [INFO] VisibilityChanged: 0
2025-11-08 14:09:13.607: [INFO] BookmarkNodeAdded, ABU: 0
2025-11-08 14:09:13.607: [INFO] BookmarkNodeAdded, ABU: 0
2025-11-08 14:09:13.607: [INFO] BookmarkNodeAdded, ABU: 0
2025-11-08 14:09:13.607: [INFO] BookmarkModelLoaded, ids_reassigned: 0
2025-11-08 14:09:13.607: [INFO] OnDoneLoading sync enabled: 1
2025-11-08 14:09:26.107: [INFO] Sync initialization duration: 8461ms
2025-11-08 14:23:43.468: [INFO] VisibilityChanged: 0
2025-11-08 14:23:43.573: [INFO] BookmarkNodeAdded, ABU: 0
2025-11-08 14:23:43.573: [INFO] BookmarkNodeAdded, ABU: 0
2025-11-08 14:23:43.573: [INFO] BookmarkNodeAdded, ABU: 0
2025-11-08 14:23:43.573: [INFO] BookmarkModelLoaded, ids_reassigned: 0
2025-11-08 14:23:43.573: [INFO] OnDoneLoading sync enabled: 1
2025-11-08 14:23:52.689: [INFO] Sync initialization duration: 7624ms
