{"logTime": "1111/133028", "correlationVector":"wGz9/uvnNecbJRUyjVNVil.1","action":"SyncServerConnectionManagerRequest", "result":"SYNC_SERVER_OK", "context":{"environment":"Prod_southeastasia_prod-s01-064-apac-southeastasia", "migrationStage":"NotStarted", "server":"akswtt106000008"}}
{"logTime": "1111/133028", "correlationVector":"wGz9/uvnNecbJRUyjVNVil.2","action":"ProcessGetUpdates", "result":"Done", "context":{"dataType":"Encryption Keys", "deleted":"0", "process_failed_to_decrypt":"0", "process_pending_decryption":"0", "process_success":"1", "total":"1"}}
{"logTime": "1111/133029", "correlationVector":"4aN+6Rw2dXYV3CWOQQ84iY","action":"SyncServerConnectionManagerRequest", "result":"SYNC_SERVER_OK", "context":{"environment":"", "migrationStage":"", "server":""}}
{"logTime": "1111/133029", "correlationVector":"4aN+6Rw2dXYV3CWOQQ84iY.0","action":"EncryptionKeysFetcher.DownloadKeys:", "result":"Success", "context":Key count: 2, Last key timestamp: 2025-07-01T02:03:24Z}
{"logTime": "1111/133029", "correlationVector":"4aN+6Rw2dXYV3CWOQQ84iY.1","action":"EncryptionKeysManager::SetEncryptionKeys:", "result":"Success", "context":Key names[2]:[uRe9QgeXVcci8PC5U7AUX0+5zetdP/J3/1+9n7tF2tppbnDgkGVEgtAeYNxJ6jb7auCQxFfZhxnxnT3n6O81tQ==][096ccpnUtm0hfc85INcD3BLeBwPpH7Z1ZYYjfP7Q+YXBDGDZeWhxiuDyT/K1TDrXzHWpInUSQGQloJ7Vjhuxvg==]}
{"logTime": "1111/133029", "correlationVector":"4aN+6Rw2dXYV3CWOQQ84iY.2","action":"EncryptionKeysManager::SetEncryptionKeysWithTimestamps:", "result":"Success", "context":Key timestamps[2]:[2025-01-02T01:57:37Z][2025-07-01T02:03:24Z]}
{"logTime": "1111/133029", "correlationVector":"wGz9/uvnNecbJRUyjVNVil","action":"Initial GetUpdates", "result":"", "context":Reason: NEW_CLIENT. cV=wGz9/uvnNecbJRUyjVNVil}
{"logTime": "1111/133029", "correlationVector":"wGz9/uvnNecbJRUyjVNVil.3","action":"GetUpdates Response", "result":"Success", "context":Received 1 update(s). cV=wGz9/uvnNecbJRUyjVNVil.0;server=akswtt106000008;cloudType=Consumer;environment=Prod_southeastasia_prod-s01-064-apac-southeastasia;migrationStage=NotStarted}
{"logTime": "1111/133029", "correlationVector":"8Pgi6M+eyezhpFfVAJdTgI","action":"Initial GetUpdates", "result":"", "context":Reason: NEWLY_SUPPORTED_DATATYPE. cV=8Pgi6M+eyezhpFfVAJdTgI}
{"logTime": "1111/133030", "correlationVector":"8Pgi6M+eyezhpFfVAJdTgI.1","action":"SyncServerConnectionManagerRequest", "result":"SYNC_SERVER_OK", "context":{"environment":"Prod_southeastasia_prod-s01-064-apac-southeastasia", "migrationStage":"NotStarted", "server":"akswtt106000008"}}
{"logTime": "1111/133030", "correlationVector":"8Pgi6M+eyezhpFfVAJdTgI.2","action":"ProcessGetUpdates", "result":"Done", "context":{"dataType":"Preferences", "deleted":"0", "process_failed_to_decrypt":"0", "process_pending_decryption":"0", "process_success":"77", "total":"77"}}
{"logTime": "1111/133030", "correlationVector":"8Pgi6M+eyezhpFfVAJdTgI.3","action":"ProcessGetUpdates", "result":"Done", "context":{"dataType":"Passwords", "deleted":"2", "process_failed_to_decrypt":"0", "process_pending_decryption":"0", "process_success":"45", "total":"45"}}
{"logTime": "1111/133030", "correlationVector":"8Pgi6M+eyezhpFfVAJdTgI.4","action":"ProcessGetUpdates", "result":"Done", "context":{"dataType":"Device Info", "deleted":"0", "process_failed_to_decrypt":"0", "process_pending_decryption":"0", "process_success":"3", "total":"3"}}
{"logTime": "1111/133030", "correlationVector":"8Pgi6M+eyezhpFfVAJdTgI.5","action":"GetUpdates Response", "result":"Success", "context":Received 125 update(s). cV=8Pgi6M+eyezhpFfVAJdTgI.0;server=akswtt106000008;cloudType=Consumer;environment=Prod_southeastasia_prod-s01-064-apac-southeastasia;migrationStage=NotStarted}
{"logTime": "1111/133030", "correlationVector":"shYL+b1Uf4+HV/QQlY4Udc","action":"Initial GetUpdates", "result":"", "context":Reason: NEWLY_SUPPORTED_DATATYPE. cV=shYL+b1Uf4+HV/QQlY4Udc}
{"logTime": "1111/133032", "correlationVector":"shYL+b1Uf4+HV/QQlY4Udc.1","action":"SyncServerConnectionManagerRequest", "result":"SYNC_SERVER_OK", "context":{"environment":"Prod_southeastasia_prod-s01-064-apac-southeastasia", "migrationStage":"NotStarted", "server":"akswtt106000008"}}
{"logTime": "1111/133032", "correlationVector":"shYL+b1Uf4+HV/QQlY4Udc.2","action":"ProcessGetUpdates", "result":"Done", "context":{"dataType":"Bookmarks", "deleted":"8", "process_failed_to_decrypt":"0", "process_pending_decryption":"0", "process_success":"98", "total":"98"}}
{"logTime": "1111/133032", "correlationVector":"shYL+b1Uf4+HV/QQlY4Udc.3","action":"GetUpdates Response", "result":"Success", "context":Received 98 update(s). cV=shYL+b1Uf4+HV/QQlY4Udc.0;server=akswtt106000008;cloudType=Consumer;environment=Prod_southeastasia_prod-s01-064-apac-southeastasia;migrationStage=NotStarted}
{"logTime": "1111/133032", "correlationVector":"XlfWfuS7CTfseTWmdcwHUW","action":"Initial GetUpdates", "result":"", "context":Reason: NEWLY_SUPPORTED_DATATYPE. cV=XlfWfuS7CTfseTWmdcwHUW}
{"logTime": "1111/133033", "correlationVector":"XlfWfuS7CTfseTWmdcwHUW.1","action":"SyncServerConnectionManagerRequest", "result":"SYNC_SERVER_OK", "context":{"environment":"Prod_southeastasia_prod-s01-064-apac-southeastasia", "migrationStage":"NotStarted", "server":"akswtt106000015"}}
{"logTime": "1111/133033", "correlationVector":"XlfWfuS7CTfseTWmdcwHUW.2","action":"ProcessGetUpdates", "result":"Done", "context":{"dataType":"Autofill Profiles", "deleted":"0", "process_failed_to_decrypt":"0", "process_pending_decryption":"0", "process_success":"19", "total":"19"}}
{"logTime": "1111/133033", "correlationVector":"XlfWfuS7CTfseTWmdcwHUW.3","action":"ProcessGetUpdates", "result":"Done", "context":{"dataType":"Autofill", "deleted":"0", "process_failed_to_decrypt":"0", "process_pending_decryption":"0", "process_success":"150", "total":"150"}}
{"logTime": "1111/133033", "correlationVector":"XlfWfuS7CTfseTWmdcwHUW.4","action":"ProcessGetUpdates", "result":"Done", "context":{"dataType":"Extensions", "deleted":"0", "process_failed_to_decrypt":"0", "process_pending_decryption":"0", "process_success":"1", "total":"1"}}
{"logTime": "1111/133033", "correlationVector":"XlfWfuS7CTfseTWmdcwHUW.5","action":"ProcessGetUpdates", "result":"Done", "context":{"dataType":"Sessions", "deleted":"66", "process_failed_to_decrypt":"0", "process_pending_decryption":"0", "process_success":"66", "total":"66"}}
{"logTime": "1111/133033", "correlationVector":"XlfWfuS7CTfseTWmdcwHUW.6","action":"ProcessGetUpdates", "result":"Done", "context":{"dataType":"Extension settings", "deleted":"0", "process_failed_to_decrypt":"0", "process_pending_decryption":"0", "process_success":"1", "total":"1"}}
{"logTime": "1111/133033", "correlationVector":"XlfWfuS7CTfseTWmdcwHUW.7","action":"ProcessGetUpdates", "result":"Done", "context":{"dataType":"Web Apps", "deleted":"0", "process_failed_to_decrypt":"0", "process_pending_decryption":"0", "process_success":"1", "total":"1"}}
{"logTime": "1111/133033", "correlationVector":"XlfWfuS7CTfseTWmdcwHUW.8","action":"ProcessGetUpdates", "result":"Done", "context":{"dataType":"Edge Hub App Usage", "deleted":"5", "process_failed_to_decrypt":"0", "process_pending_decryption":"0", "process_success":"12", "total":"12"}}
{"logTime": "1111/133033", "correlationVector":"XlfWfuS7CTfseTWmdcwHUW.9","action":"GetUpdates Response", "result":"Success", "context":Received 250 update(s). cV=XlfWfuS7CTfseTWmdcwHUW.0;server=akswtt106000015;cloudType=Consumer;environment=Prod_southeastasia_prod-s01-064-apac-southeastasia;migrationStage=NotStarted Some updates remain.}
{"logTime": "1111/133033", "correlationVector":"ciRxTINCwyPJi+njlX9H9R","action":"Initial GetUpdates", "result":"", "context":Reason: NEWLY_SUPPORTED_DATATYPE. cV=ciRxTINCwyPJi+njlX9H9R}
{"logTime": "1111/133034", "correlationVector":"ciRxTINCwyPJi+njlX9H9R.1","action":"SyncServerConnectionManagerRequest", "result":"SYNC_SERVER_OK", "context":{"environment":"Prod_southeastasia_prod-s01-064-apac-southeastasia", "migrationStage":"NotStarted", "server":"akswtt10600001u"}}
{"logTime": "1111/133034", "correlationVector":"ciRxTINCwyPJi+njlX9H9R.2","action":"ProcessGetUpdates", "result":"Done", "context":{"dataType":"Autofill", "deleted":"0", "process_failed_to_decrypt":"0", "process_pending_decryption":"0", "process_success":"19", "total":"19"}}
{"logTime": "1111/133034", "correlationVector":"ciRxTINCwyPJi+njlX9H9R.3","action":"ProcessGetUpdates", "result":"Done", "context":{"dataType":"Extensions", "deleted":"1", "process_failed_to_decrypt":"0", "process_pending_decryption":"0", "process_success":"1", "total":"1"}}
{"logTime": "1111/133034", "correlationVector":"ciRxTINCwyPJi+njlX9H9R.4","action":"ProcessGetUpdates", "result":"Done", "context":{"dataType":"Sessions", "deleted":"207", "process_failed_to_decrypt":"0", "process_pending_decryption":"0", "process_success":"207", "total":"207"}}
{"logTime": "1111/133034", "correlationVector":"ciRxTINCwyPJi+njlX9H9R.5","action":"ProcessGetUpdates", "result":"Done", "context":{"dataType":"Extension settings", "deleted":"5", "process_failed_to_decrypt":"0", "process_pending_decryption":"0", "process_success":"5", "total":"5"}}
{"logTime": "1111/133034", "correlationVector":"ciRxTINCwyPJi+njlX9H9R.6","action":"ProcessGetUpdates", "result":"Done", "context":{"dataType":"Web Apps", "deleted":"0", "process_failed_to_decrypt":"0", "process_pending_decryption":"0", "process_success":"1", "total":"1"}}
{"logTime": "1111/133034", "correlationVector":"ciRxTINCwyPJi+njlX9H9R.7","action":"ProcessGetUpdates", "result":"Done", "context":{"dataType":"Edge Hub App Usage", "deleted":"5", "process_failed_to_decrypt":"0", "process_pending_decryption":"0", "process_success":"17", "total":"17"}}
{"logTime": "1111/133034", "correlationVector":"ciRxTINCwyPJi+njlX9H9R.8","action":"GetUpdates Response", "result":"Success", "context":Received 250 update(s). cV=ciRxTINCwyPJi+njlX9H9R.0;server=akswtt10600001u;cloudType=Consumer;environment=Prod_southeastasia_prod-s01-064-apac-southeastasia;migrationStage=NotStarted Some updates remain.}
{"logTime": "1111/133034", "correlationVector":"hIiwzaFctyB9I0OnsiR4X7","action":"Initial GetUpdates", "result":"", "context":Reason: NEWLY_SUPPORTED_DATATYPE. cV=hIiwzaFctyB9I0OnsiR4X7}
{"logTime": "1111/133035", "correlationVector":"hIiwzaFctyB9I0OnsiR4X7.1","action":"SyncServerConnectionManagerRequest", "result":"SYNC_SERVER_OK", "context":{"environment":"Prod_southeastasia_prod-s01-064-apac-southeastasia", "migrationStage":"NotStarted", "server":"akswtt106000010"}}
{"logTime": "1111/133035", "correlationVector":"hIiwzaFctyB9I0OnsiR4X7.2","action":"ProcessGetUpdates", "result":"Done", "context":{"dataType":"Autofill", "deleted":"0", "process_failed_to_decrypt":"0", "process_pending_decryption":"0", "process_success":"25", "total":"25"}}
{"logTime": "1111/133035", "correlationVector":"hIiwzaFctyB9I0OnsiR4X7.3","action":"ProcessGetUpdates", "result":"Done", "context":{"dataType":"Sessions", "deleted":"220", "process_failed_to_decrypt":"0", "process_pending_decryption":"0", "process_success":"220", "total":"220"}}
{"logTime": "1111/133035", "correlationVector":"hIiwzaFctyB9I0OnsiR4X7.4","action":"ProcessGetUpdates", "result":"Done", "context":{"dataType":"Edge Hub App Usage", "deleted":"0", "process_failed_to_decrypt":"0", "process_pending_decryption":"0", "process_success":"5", "total":"5"}}
{"logTime": "1111/133035", "correlationVector":"hIiwzaFctyB9I0OnsiR4X7.5","action":"GetUpdates Response", "result":"Success", "context":Received 250 update(s). cV=hIiwzaFctyB9I0OnsiR4X7.0;server=akswtt106000010;cloudType=Consumer;environment=Prod_southeastasia_prod-s01-064-apac-southeastasia;migrationStage=NotStarted Some updates remain.}
{"logTime": "1111/133035", "correlationVector":"7D/QMapFHr6REdxyH6+lm5","action":"Initial GetUpdates", "result":"", "context":Reason: NEWLY_SUPPORTED_DATATYPE. cV=7D/QMapFHr6REdxyH6+lm5}
{"logTime": "1111/133035", "correlationVector":"7D/QMapFHr6REdxyH6+lm5.1","action":"SyncServerConnectionManagerRequest", "result":"SYNC_SERVER_OK", "context":{"environment":"Prod_southeastasia_prod-s01-064-apac-southeastasia", "migrationStage":"NotStarted", "server":"akswtt10600001h"}}
{"logTime": "1111/133035", "correlationVector":"7D/QMapFHr6REdxyH6+lm5.2","action":"ProcessGetUpdates", "result":"Done", "context":{"dataType":"Sessions", "deleted":"249", "process_failed_to_decrypt":"0", "process_pending_decryption":"0", "process_success":"249", "total":"249"}}
{"logTime": "1111/133035", "correlationVector":"7D/QMapFHr6REdxyH6+lm5.3","action":"ProcessGetUpdates", "result":"Done", "context":{"dataType":"Edge Hub App Usage", "deleted":"0", "process_failed_to_decrypt":"0", "process_pending_decryption":"0", "process_success":"1", "total":"1"}}
{"logTime": "1111/133035", "correlationVector":"7D/QMapFHr6REdxyH6+lm5.4","action":"GetUpdates Response", "result":"Success", "context":Received 250 update(s). cV=7D/QMapFHr6REdxyH6+lm5.0;server=akswtt10600001h;cloudType=Consumer;environment=Prod_southeastasia_prod-s01-064-apac-southeastasia;migrationStage=NotStarted Some updates remain.}
{"logTime": "1111/133035", "correlationVector":"5kRZvb0OwHrOcCFkvaCK6l","action":"Initial GetUpdates", "result":"", "context":Reason: NEWLY_SUPPORTED_DATATYPE. cV=5kRZvb0OwHrOcCFkvaCK6l}
{"logTime": "1111/133036", "correlationVector":"5kRZvb0OwHrOcCFkvaCK6l.1","action":"SyncServerConnectionManagerRequest", "result":"SYNC_SERVER_OK", "context":{"environment":"Prod_southeastasia_prod-s01-064-apac-southeastasia", "migrationStage":"NotStarted", "server":"akswtt106000015"}}
{"logTime": "1111/133036", "correlationVector":"5kRZvb0OwHrOcCFkvaCK6l.2","action":"ProcessGetUpdates", "result":"Done", "context":{"dataType":"Autofill", "deleted":"0", "process_failed_to_decrypt":"0", "process_pending_decryption":"0", "process_success":"10", "total":"10"}}
{"logTime": "1111/133036", "correlationVector":"5kRZvb0OwHrOcCFkvaCK6l.3","action":"ProcessGetUpdates", "result":"Done", "context":{"dataType":"Sessions", "deleted":"240", "process_failed_to_decrypt":"0", "process_pending_decryption":"0", "process_success":"240", "total":"240"}}
{"logTime": "1111/133036", "correlationVector":"5kRZvb0OwHrOcCFkvaCK6l.4","action":"GetUpdates Response", "result":"Success", "context":Received 250 update(s). cV=5kRZvb0OwHrOcCFkvaCK6l.0;server=akswtt106000015;cloudType=Consumer;environment=Prod_southeastasia_prod-s01-064-apac-southeastasia;migrationStage=NotStarted Some updates remain.}
{"logTime": "1111/133036", "correlationVector":"qEyUCXHYUsBf95P+n9EPk9","action":"Initial GetUpdates", "result":"", "context":Reason: NEWLY_SUPPORTED_DATATYPE. cV=qEyUCXHYUsBf95P+n9EPk9}
{"logTime": "1111/133038", "correlationVector":"qEyUCXHYUsBf95P+n9EPk9.1","action":"SyncServerConnectionManagerRequest", "result":"SYNC_SERVER_OK", "context":{"environment":"Prod_southeastasia_prod-s01-064-apac-southeastasia", "migrationStage":"NotStarted", "server":"akswtt10600001t"}}
{"logTime": "1111/133038", "correlationVector":"qEyUCXHYUsBf95P+n9EPk9.2","action":"ProcessGetUpdates", "result":"Done", "context":{"dataType":"Autofill", "deleted":"0", "process_failed_to_decrypt":"0", "process_pending_decryption":"0", "process_success":"26", "total":"26"}}
{"logTime": "1111/133038", "correlationVector":"qEyUCXHYUsBf95P+n9EPk9.3","action":"ProcessGetUpdates", "result":"Done", "context":{"dataType":"Sessions", "deleted":"220", "process_failed_to_decrypt":"0", "process_pending_decryption":"0", "process_success":"220", "total":"220"}}
{"logTime": "1111/133038", "correlationVector":"qEyUCXHYUsBf95P+n9EPk9.4","action":"ProcessGetUpdates", "result":"Done", "context":{"dataType":"Edge Hub App Usage", "deleted":"0", "process_failed_to_decrypt":"0", "process_pending_decryption":"0", "process_success":"4", "total":"4"}}
{"logTime": "1111/133038", "correlationVector":"qEyUCXHYUsBf95P+n9EPk9.5","action":"GetUpdates Response", "result":"Success", "context":Received 250 update(s). cV=qEyUCXHYUsBf95P+n9EPk9.0;server=akswtt10600001t;cloudType=Consumer;environment=Prod_southeastasia_prod-s01-064-apac-southeastasia;migrationStage=NotStarted Some updates remain.}
{"logTime": "1111/133038", "correlationVector":"DnW2WGEmys6R3xO5Ck8JsH","action":"Initial GetUpdates", "result":"", "context":Reason: NEWLY_SUPPORTED_DATATYPE. cV=DnW2WGEmys6R3xO5Ck8JsH}
{"logTime": "1111/133038", "correlationVector":"DnW2WGEmys6R3xO5Ck8JsH.1","action":"SyncServerConnectionManagerRequest", "result":"SYNC_SERVER_OK", "context":{"environment":"Prod_southeastasia_prod-s01-064-apac-southeastasia", "migrationStage":"NotStarted", "server":"akswtt10600001k"}}
{"logTime": "1111/133038", "correlationVector":"DnW2WGEmys6R3xO5Ck8JsH.2","action":"ProcessGetUpdates", "result":"Done", "context":{"dataType":"Autofill Profiles", "deleted":"19", "process_failed_to_decrypt":"0", "process_pending_decryption":"0", "process_success":"19", "total":"19"}}
{"logTime": "1111/133038", "correlationVector":"DnW2WGEmys6R3xO5Ck8JsH.3","action":"ProcessGetUpdates", "result":"Done", "context":{"dataType":"Autofill", "deleted":"0", "process_failed_to_decrypt":"0", "process_pending_decryption":"0", "process_success":"11", "total":"11"}}
{"logTime": "1111/133038", "correlationVector":"DnW2WGEmys6R3xO5Ck8JsH.4","action":"ProcessGetUpdates", "result":"Done", "context":{"dataType":"Extensions", "deleted":"0", "process_failed_to_decrypt":"0", "process_pending_decryption":"0", "process_success":"1", "total":"1"}}
{"logTime": "1111/133038", "correlationVector":"DnW2WGEmys6R3xO5Ck8JsH.5","action":"ProcessGetUpdates", "result":"Done", "context":{"dataType":"Sessions", "deleted":"214", "process_failed_to_decrypt":"0", "process_pending_decryption":"0", "process_success":"214", "total":"214"}}
{"logTime": "1111/133038", "correlationVector":"DnW2WGEmys6R3xO5Ck8JsH.6","action":"ProcessGetUpdates", "result":"Done", "context":{"dataType":"Edge Hub App Usage", "deleted":"0", "process_failed_to_decrypt":"0", "process_pending_decryption":"0", "process_success":"5", "total":"5"}}
{"logTime": "1111/133038", "correlationVector":"DnW2WGEmys6R3xO5Ck8JsH.7","action":"GetUpdates Response", "result":"Success", "context":Received 250 update(s). cV=DnW2WGEmys6R3xO5Ck8JsH.0;server=akswtt10600001k;cloudType=Consumer;environment=Prod_southeastasia_prod-s01-064-apac-southeastasia;migrationStage=NotStarted Some updates remain.}
{"logTime": "1111/133038", "correlationVector":"XqBv3PYqpaW4YBbpoCX/57","action":"Initial GetUpdates", "result":"", "context":Reason: NEWLY_SUPPORTED_DATATYPE. cV=XqBv3PYqpaW4YBbpoCX/57}
{"logTime": "1111/133039", "correlationVector":"XqBv3PYqpaW4YBbpoCX/57.1","action":"SyncServerConnectionManagerRequest", "result":"SYNC_SERVER_OK", "context":{"environment":"Prod_southeastasia_prod-s01-064-apac-southeastasia", "migrationStage":"NotStarted", "server":"akswtt106000015"}}
{"logTime": "1111/133039", "correlationVector":"XqBv3PYqpaW4YBbpoCX/57.2","action":"ProcessGetUpdates", "result":"Done", "context":{"dataType":"Autofill Profiles", "deleted":"0", "process_failed_to_decrypt":"0", "process_pending_decryption":"0", "process_success":"3", "total":"3"}}
{"logTime": "1111/133039", "correlationVector":"XqBv3PYqpaW4YBbpoCX/57.3","action":"ProcessGetUpdates", "result":"Done", "context":{"dataType":"Autofill", "deleted":"0", "process_failed_to_decrypt":"0", "process_pending_decryption":"0", "process_success":"21", "total":"21"}}
{"logTime": "1111/133039", "correlationVector":"XqBv3PYqpaW4YBbpoCX/57.4","action":"ProcessGetUpdates", "result":"Done", "context":{"dataType":"Extensions", "deleted":"0", "process_failed_to_decrypt":"0", "process_pending_decryption":"0", "process_success":"1", "total":"1"}}
{"logTime": "1111/133039", "correlationVector":"XqBv3PYqpaW4YBbpoCX/57.5","action":"ProcessGetUpdates", "result":"Done", "context":{"dataType":"Sessions", "deleted":"215", "process_failed_to_decrypt":"0", "process_pending_decryption":"0", "process_success":"216", "total":"216"}}
{"logTime": "1111/133039", "correlationVector":"XqBv3PYqpaW4YBbpoCX/57.6","action":"ProcessGetUpdates", "result":"Done", "context":{"dataType":"History Delete Directives", "deleted":"0", "process_failed_to_decrypt":"0", "process_pending_decryption":"0", "process_success":"4", "total":"4"}}
{"logTime": "1111/133039", "correlationVector":"XqBv3PYqpaW4YBbpoCX/57.7","action":"ProcessGetUpdates", "result":"Done", "context":{"dataType":"Edge Hub App Usage", "deleted":"0", "process_failed_to_decrypt":"0", "process_pending_decryption":"0", "process_success":"5", "total":"5"}}
{"logTime": "1111/133039", "correlationVector":"XqBv3PYqpaW4YBbpoCX/57.8","action":"GetUpdates Response", "result":"Success", "context":Received 250 update(s). cV=XqBv3PYqpaW4YBbpoCX/57.0;server=akswtt106000015;cloudType=Consumer;environment=Prod_southeastasia_prod-s01-064-apac-southeastasia;migrationStage=NotStarted Some updates remain.}
{"logTime": "1111/133039", "correlationVector":"bwoL//qJBfiDZDEiyKzT2Z","action":"Initial GetUpdates", "result":"", "context":Reason: NEWLY_SUPPORTED_DATATYPE. cV=bwoL//qJBfiDZDEiyKzT2Z}
{"logTime": "1111/133043", "correlationVector":"bwoL//qJBfiDZDEiyKzT2Z.1","action":"SyncServerConnectionManagerRequest", "result":"SYNC_SERVER_OK", "context":{"environment":"Prod_southeastasia_prod-s01-064-apac-southeastasia", "migrationStage":"NotStarted", "server":"akswtt106000009"}}
{"logTime": "1111/133043", "correlationVector":"bwoL//qJBfiDZDEiyKzT2Z.2","action":"ProcessGetUpdates", "result":"Done", "context":{"dataType":"Autofill Profiles", "deleted":"0", "process_failed_to_decrypt":"0", "process_pending_decryption":"0", "process_success":"6", "total":"6"}}
{"logTime": "1111/133043", "correlationVector":"bwoL//qJBfiDZDEiyKzT2Z.3","action":"ProcessGetUpdates", "result":"Done", "context":{"dataType":"Autofill", "deleted":"0", "process_failed_to_decrypt":"0", "process_pending_decryption":"0", "process_success":"18", "total":"18"}}
{"logTime": "1111/133043", "correlationVector":"bwoL//qJBfiDZDEiyKzT2Z.4","action":"ProcessGetUpdates", "result":"Done", "context":{"dataType":"Extensions", "deleted":"0", "process_failed_to_decrypt":"0", "process_pending_decryption":"0", "process_success":"1", "total":"1"}}
{"logTime": "1111/133043", "correlationVector":"bwoL//qJBfiDZDEiyKzT2Z.5","action":"ProcessGetUpdates", "result":"Done", "context":{"dataType":"Sessions", "deleted":"223", "process_failed_to_decrypt":"0", "process_pending_decryption":"0", "process_success":"224", "total":"224"}}
{"logTime": "1111/133043", "correlationVector":"bwoL//qJBfiDZDEiyKzT2Z.6","action":"ProcessGetUpdates", "result":"Done", "context":{"dataType":"Web Apps", "deleted":"1", "process_failed_to_decrypt":"0", "process_pending_decryption":"0", "process_success":"1", "total":"1"}}
{"logTime": "1111/133043", "correlationVector":"bwoL//qJBfiDZDEiyKzT2Z.7","action":"GetUpdates Response", "result":"Success", "context":Received 250 update(s). cV=bwoL//qJBfiDZDEiyKzT2Z.0;server=akswtt106000009;cloudType=Consumer;environment=Prod_southeastasia_prod-s01-064-apac-southeastasia;migrationStage=NotStarted Some updates remain.}
{"logTime": "1111/133043", "correlationVector":"S5FmVOD9RkE03uWcPVzMfA","action":"Initial GetUpdates", "result":"", "context":Reason: NEWLY_SUPPORTED_DATATYPE. cV=S5FmVOD9RkE03uWcPVzMfA}
{"logTime": "1111/133045", "correlationVector":"S5FmVOD9RkE03uWcPVzMfA.1","action":"SyncServerConnectionManagerRequest", "result":"SYNC_SERVER_OK", "context":{"environment":"Prod_southeastasia_prod-s01-064-apac-southeastasia", "migrationStage":"NotStarted", "server":"akswtt10600001t"}}
{"logTime": "1111/133045", "correlationVector":"S5FmVOD9RkE03uWcPVzMfA.2","action":"ProcessGetUpdates", "result":"Done", "context":{"dataType":"Autofill Profiles", "deleted":"0", "process_failed_to_decrypt":"0", "process_pending_decryption":"0", "process_success":"2", "total":"2"}}
{"logTime": "1111/133045", "correlationVector":"S5FmVOD9RkE03uWcPVzMfA.3","action":"ProcessGetUpdates", "result":"Done", "context":{"dataType":"Autofill", "deleted":"0", "process_failed_to_decrypt":"0", "process_pending_decryption":"0", "process_success":"5", "total":"5"}}
{"logTime": "1111/133045", "correlationVector":"S5FmVOD9RkE03uWcPVzMfA.4","action":"ProcessGetUpdates", "result":"Done", "context":{"dataType":"Extensions", "deleted":"0", "process_failed_to_decrypt":"0", "process_pending_decryption":"0", "process_success":"2", "total":"2"}}
{"logTime": "1111/133045", "correlationVector":"S5FmVOD9RkE03uWcPVzMfA.5","action":"ProcessGetUpdates", "result":"Done", "context":{"dataType":"Sessions", "deleted":"34", "process_failed_to_decrypt":"0", "process_pending_decryption":"0", "process_success":"43", "total":"43"}}
{"logTime": "1111/133045", "correlationVector":"S5FmVOD9RkE03uWcPVzMfA.6","action":"GetUpdates Response", "result":"Success", "context":Received 52 update(s). cV=S5FmVOD9RkE03uWcPVzMfA.0;server=akswtt10600001t;cloudType=Consumer;environment=Prod_southeastasia_prod-s01-064-apac-southeastasia;migrationStage=NotStarted}
{"logTime": "1111/133045", "correlationVector":"PZSPg3CmdAB+VtM/0CS1uJ","action":"Initial GetUpdates", "result":"", "context":Reason: NEWLY_SUPPORTED_DATATYPE. cV=PZSPg3CmdAB+VtM/0CS1uJ}
{"logTime": "1111/133049", "correlationVector":"PZSPg3CmdAB+VtM/0CS1uJ.1","action":"SyncServerConnectionManagerRequest", "result":"SYNC_SERVER_OK", "context":{"environment":"Prod_southeastasia_prod-s01-064-apac-southeastasia", "migrationStage":"NotStarted", "server":"akswtt106000008"}}
{"logTime": "1111/133049", "correlationVector":"PZSPg3CmdAB+VtM/0CS1uJ.2","action":"ProcessGetUpdates", "result":"Done", "context":{"dataType":"History", "deleted":"0", "process_failed_to_decrypt":"0", "process_pending_decryption":"0", "process_success":"250", "total":"250"}}
{"logTime": "1111/133049", "correlationVector":"PZSPg3CmdAB+VtM/0CS1uJ.3","action":"GetUpdates Response", "result":"Success", "context":Received 250 update(s). cV=PZSPg3CmdAB+VtM/0CS1uJ.0;server=akswtt106000008;cloudType=Consumer;environment=Prod_southeastasia_prod-s01-064-apac-southeastasia;migrationStage=NotStarted Some updates remain.}
{"logTime": "1111/133049", "correlationVector":"xFy4GLXYpLkX4sH78X1bRu","action":"Initial GetUpdates", "result":"", "context":Reason: NEWLY_SUPPORTED_DATATYPE. cV=xFy4GLXYpLkX4sH78X1bRu}
{"logTime": "1111/133058", "correlationVector":"xFy4GLXYpLkX4sH78X1bRu.1","action":"SyncServerConnectionManagerRequest", "result":"SYNC_SERVER_OK", "context":{"environment":"Prod_southeastasia_prod-s01-064-apac-southeastasia", "migrationStage":"NotStarted", "server":"akswtt10600000y"}}
{"logTime": "1111/133058", "correlationVector":"xFy4GLXYpLkX4sH78X1bRu.2","action":"ProcessGetUpdates", "result":"Done", "context":{"dataType":"History", "deleted":"0", "process_failed_to_decrypt":"0", "process_pending_decryption":"0", "process_success":"250", "total":"250"}}
{"logTime": "1111/133058", "correlationVector":"xFy4GLXYpLkX4sH78X1bRu.3","action":"GetUpdates Response", "result":"Success", "context":Received 250 update(s). cV=xFy4GLXYpLkX4sH78X1bRu.0;server=akswtt10600000y;cloudType=Consumer;environment=Prod_southeastasia_prod-s01-064-apac-southeastasia;migrationStage=NotStarted Some updates remain.}
{"logTime": "1111/133058", "correlationVector":"mF/mBgrs1GdXTTa5o6IjwW","action":"Initial GetUpdates", "result":"", "context":Reason: NEWLY_SUPPORTED_DATATYPE. cV=mF/mBgrs1GdXTTa5o6IjwW}
{"logTime": "1111/133118", "correlationVector":"mF/mBgrs1GdXTTa5o6IjwW","action":"SyncServerConnectionManagerRequest", "result":"CONNECTION_UNAVAILABLE", "context":{"error_type":"net_error_code", "error_value":"-3"}}
